{"/Users/lluis/Code/hip-hub/components/Author.tsx": {"path":"/Users/lluis/Code/hip-hub/components/Author.tsx","statementMap":{"0":{"start":{"line":11,"column":2},"end":{"line":19,"column":3}}},"fnMap":{"0":{"name":"Author","decl":{"start":{"line":10,"column":16},"end":{"line":10,"column":22}},"loc":{"start":{"line":10,"column":71},"end":{"line":20,"column":1}},"line":10}},"branchMap":{},"s":{"0":0},"f":{"0":0},"b":{},"_coverageSchema":"1a1c01bbd47fc00a2c39e90264f33305004495a9","hash":"87648cc5348c6869595f61d1771d6ddf3df03d52"}
,"/Users/lluis/Code/hip-hub/components/Back.tsx": {"path":"/Users/lluis/Code/hip-hub/components/Back.tsx","statementMap":{"0":{"start":{"line":10,"column":17},"end":{"line":10,"column":28}},"1":{"start":{"line":11,"column":2},"end":{"line":20,"column":3}}},"fnMap":{"0":{"name":"Back","decl":{"start":{"line":9,"column":16},"end":{"line":9,"column":20}},"loc":{"start":{"line":9,"column":56},"end":{"line":21,"column":1}},"line":9}},"branchMap":{},"s":{"0":0,"1":0},"f":{"0":0},"b":{},"_coverageSchema":"1a1c01bbd47fc00a2c39e90264f33305004495a9","hash":"b250170f2d68cc2aaffc009ca62ec452eb29f172"}
,"/Users/lluis/Code/hip-hub/components/Badge.tsx": {"path":"/Users/lluis/Code/hip-hub/components/Badge.tsx","statementMap":{"0":{"start":{"line":8,"column":2},"end":{"line":13,"column":3}}},"fnMap":{"0":{"name":"Badge","decl":{"start":{"line":7,"column":16},"end":{"line":7,"column":21}},"loc":{"start":{"line":7,"column":67},"end":{"line":14,"column":1}},"line":7}},"branchMap":{},"s":{"0":0},"f":{"0":0},"b":{},"_coverageSchema":"1a1c01bbd47fc00a2c39e90264f33305004495a9","hash":"6d75d3815aa3454b418a0c7214af64d99886f48c"}
,"/Users/lluis/Code/hip-hub/components/BoxContent.tsx": {"path":"/Users/lluis/Code/hip-hub/components/BoxContent.tsx","statementMap":{"0":{"start":{"line":6,"column":2},"end":{"line":11,"column":3}}},"fnMap":{"0":{"name":"BoxContent","decl":{"start":{"line":5,"column":16},"end":{"line":5,"column":26}},"loc":{"start":{"line":5,"column":68},"end":{"line":12,"column":1}},"line":5}},"branchMap":{},"s":{"0":0},"f":{"0":0},"b":{},"_coverageSchema":"1a1c01bbd47fc00a2c39e90264f33305004495a9","hash":"7b23613f81169830d76c39733e82e1c86e254478"}
,"/Users/lluis/Code/hip-hub/components/Button.tsx": {"path":"/Users/lluis/Code/hip-hub/components/Button.tsx","statementMap":{"0":{"start":{"line":9,"column":18},"end":{"line":9,"column":52}},"1":{"start":{"line":11,"column":17},"end":{"line":15,"column":1}},"2":{"start":{"line":17,"column":16},"end":{"line":20,"column":1}},"3":{"start":{"line":22,"column":22},"end":{"line":32,"column":1}},"4":{"start":{"line":24,"column":4},"end":{"line":30,"column":5}},"5":{"start":{"line":34,"column":0},"end":{"line":34,"column":29}}},"fnMap":{"0":{"name":"(anonymous_0)","decl":{"start":{"line":23,"column":2},"end":{"line":23,"column":3}},"loc":{"start":{"line":23,"column":69},"end":{"line":31,"column":3}},"line":23}},"branchMap":{"0":{"loc":{"start":{"line":23,"column":16},"end":{"line":23,"column":35}},"type":"default-arg","locations":[{"start":{"line":23,"column":26},"end":{"line":23,"column":35}}],"line":23},"1":{"loc":{"start":{"line":23,"column":37},"end":{"line":23,"column":47}},"type":"default-arg","locations":[{"start":{"line":23,"column":44},"end":{"line":23,"column":47}}],"line":23}},"s":{"0":1,"1":1,"2":1,"3":1,"4":0,"5":1},"f":{"0":0},"b":{"0":[0],"1":[0]},"_coverageSchema":"1a1c01bbd47fc00a2c39e90264f33305004495a9","hash":"e80a11626043c1202bae63d0966b8ac17a8f8f06"}
,"/Users/lluis/Code/hip-hub/components/Card.tsx": {"path":"/Users/lluis/Code/hip-hub/components/Card.tsx","statementMap":{"0":{"start":{"line":14,"column":0},"end":{"line":14,"column":20}},"1":{"start":{"line":15,"column":0},"end":{"line":15,"column":26}},"2":{"start":{"line":19,"column":4},"end":{"line":22,"column":6}},"3":{"start":{"line":25,"column":2},"end":{"line":37,"column":3}},"4":{"start":{"line":41,"column":2},"end":{"line":41,"column":27}},"5":{"start":{"line":45,"column":2},"end":{"line":45,"column":23}}},"fnMap":{"0":{"name":"Card","decl":{"start":{"line":17,"column":16},"end":{"line":17,"column":20}},"loc":{"start":{"line":17,"column":62},"end":{"line":38,"column":1}},"line":17},"1":{"name":"CardContent","decl":{"start":{"line":40,"column":9},"end":{"line":40,"column":20}},"loc":{"start":{"line":40,"column":45},"end":{"line":42,"column":1}},"line":40},"2":{"name":"isExternalUrl","decl":{"start":{"line":44,"column":9},"end":{"line":44,"column":22}},"loc":{"start":{"line":44,"column":36},"end":{"line":46,"column":1}},"line":44}},"branchMap":{"0":{"loc":{"start":{"line":25,"column":9},"end":{"line":37,"column":3}},"type":"cond-expr","locations":[{"start":{"line":26,"column":4},"end":{"line":34,"column":5}},{"start":{"line":36,"column":4},"end":{"line":36,"column":11}}],"line":25},"1":{"loc":{"start":{"line":26,"column":4},"end":{"line":34,"column":5}},"type":"cond-expr","locations":[{"start":{"line":27,"column":6},"end":{"line":29,"column":10}},{"start":{"line":31,"column":6},"end":{"line":33,"column":13}}],"line":26},"2":{"loc":{"start":{"line":31,"column":18},"end":{"line":31,"column":31}},"type":"binary-expr","locations":[{"start":{"line":31,"column":18},"end":{"line":31,"column":25}},{"start":{"line":31,"column":29},"end":{"line":31,"column":31}}],"line":31}},"s":{"0":1,"1":1,"2":12,"3":12,"4":12,"5":12},"f":{"0":12,"1":12,"2":12},"b":{"0":[12,0],"1":[12,0],"2":[0,0]},"_coverageSchema":"1a1c01bbd47fc00a2c39e90264f33305004495a9","hash":"b5788d597a907bc087714f4a5c49fb2eda7030cb"}
,"/Users/lluis/Code/hip-hub/components/DownloadPopover.tsx": {"path":"/Users/lluis/Code/hip-hub/components/DownloadPopover.tsx","statementMap":{"0":{"start":{"line":19,"column":21},"end":{"line":26,"column":1}},"1":{"start":{"line":29,"column":18},"end":{"line":29,"column":35}},"2":{"start":{"line":31,"column":2},"end":{"line":75,"column":3}}},"fnMap":{"0":{"name":"DownloadPopover","decl":{"start":{"line":28,"column":16},"end":{"line":28,"column":31}},"loc":{"start":{"line":28,"column":68},"end":{"line":76,"column":1}},"line":28}},"branchMap":{},"s":{"0":1,"1":0,"2":0},"f":{"0":0},"b":{},"_coverageSchema":"1a1c01bbd47fc00a2c39e90264f33305004495a9","hash":"c28ce34486046a876f86f7b2f8306d0f845727e3"}
,"/Users/lluis/Code/hip-hub/components/Emoji.tsx": {"path":"/Users/lluis/Code/hip-hub/components/Emoji.tsx","statementMap":{"0":{"start":{"line":8,"column":2},"end":{"line":12,"column":3}}},"fnMap":{"0":{"name":"Emoji","decl":{"start":{"line":7,"column":16},"end":{"line":7,"column":21}},"loc":{"start":{"line":7,"column":57},"end":{"line":13,"column":1}},"line":7}},"branchMap":{},"s":{"0":0},"f":{"0":0},"b":{},"_coverageSchema":"1a1c01bbd47fc00a2c39e90264f33305004495a9","hash":"548ae0b3d7b03cefd5eb352f7aba087dd71e21d2"}
,"/Users/lluis/Code/hip-hub/components/Heading.tsx": {"path":"/Users/lluis/Code/hip-hub/components/Heading.tsx","statementMap":{"0":{"start":{"line":10,"column":61},"end":{"line":18,"column":1}},"1":{"start":{"line":20,"column":23},"end":{"line":25,"column":1}},"2":{"start":{"line":21,"column":14},"end":{"line":21,"column":30}},"3":{"start":{"line":22,"column":16},"end":{"line":22,"column":53}},"4":{"start":{"line":24,"column":2},"end":{"line":24,"column":63}}},"fnMap":{"0":{"name":"(anonymous_0)","decl":{"start":{"line":20,"column":23},"end":{"line":20,"column":24}},"loc":{"start":{"line":20,"column":66},"end":{"line":25,"column":1}},"line":20}},"branchMap":{"0":{"loc":{"start":{"line":21,"column":14},"end":{"line":21,"column":30}},"type":"binary-expr","locations":[{"start":{"line":21,"column":14},"end":{"line":21,"column":22}},{"start":{"line":21,"column":26},"end":{"line":21,"column":30}}],"line":21},"1":{"loc":{"start":{"line":22,"column":30},"end":{"line":22,"column":52}},"type":"binary-expr","locations":[{"start":{"line":22,"column":30},"end":{"line":22,"column":40}},{"start":{"line":22,"column":44},"end":{"line":22,"column":52}}],"line":22}},"s":{"0":1,"1":1,"2":12,"3":12,"4":12},"f":{"0":12},"b":{"0":[12,0],"1":[12,0]},"_coverageSchema":"1a1c01bbd47fc00a2c39e90264f33305004495a9","hash":"033d0b42cc44fedb7d6d991c2b98129ac22bd65f"}
,"/Users/lluis/Code/hip-hub/components/Link.tsx": {"path":"/Users/lluis/Code/hip-hub/components/Link.tsx","statementMap":{"0":{"start":{"line":9,"column":22},"end":{"line":12,"column":3}},"1":{"start":{"line":10,"column":4},"end":{"line":10,"column":22}},"2":{"start":{"line":11,"column":4},"end":{"line":11,"column":24}},"3":{"start":{"line":14,"column":2},"end":{"line":20,"column":3}}},"fnMap":{"0":{"name":"Link","decl":{"start":{"line":8,"column":16},"end":{"line":8,"column":20}},"loc":{"start":{"line":8,"column":66},"end":{"line":21,"column":1}},"line":8},"1":{"name":"(anonymous_1)","decl":{"start":{"line":9,"column":22},"end":{"line":9,"column":23}},"loc":{"start":{"line":9,"column":66},"end":{"line":12,"column":3}},"line":9}},"branchMap":{"0":{"loc":{"start":{"line":11,"column":4},"end":{"line":11,"column":24}},"type":"binary-expr","locations":[{"start":{"line":11,"column":4},"end":{"line":11,"column":11}},{"start":{"line":11,"column":15},"end":{"line":11,"column":24}}],"line":11},"1":{"loc":{"start":{"line":17,"column":15},"end":{"line":17,"column":48}},"type":"cond-expr","locations":[{"start":{"line":17,"column":25},"end":{"line":17,"column":36}},{"start":{"line":17,"column":39},"end":{"line":17,"column":48}}],"line":17}},"s":{"0":0,"1":0,"2":0,"3":0},"f":{"0":0,"1":0},"b":{"0":[0,0],"1":[0,0]},"_coverageSchema":"1a1c01bbd47fc00a2c39e90264f33305004495a9","hash":"bee7dad362401a73c9b0934ac9b414c7dd6cfca7"}
,"/Users/lluis/Code/hip-hub/components/Loading.tsx": {"path":"/Users/lluis/Code/hip-hub/components/Loading.tsx","statementMap":{"0":{"start":{"line":7,"column":2},"end":{"line":14,"column":3}}},"fnMap":{"0":{"name":"Loading","decl":{"start":{"line":6,"column":16},"end":{"line":6,"column":23}},"loc":{"start":{"line":6,"column":26},"end":{"line":15,"column":1}},"line":6}},"branchMap":{},"s":{"0":3},"f":{"0":3},"b":{},"_coverageSchema":"1a1c01bbd47fc00a2c39e90264f33305004495a9","hash":"ae1061b71225af2fc96b7c52036a7c89e30cd337"}
,"/Users/lluis/Code/hip-hub/components/Logo.tsx": {"path":"/Users/lluis/Code/hip-hub/components/Logo.tsx","statementMap":{"0":{"start":{"line":7,"column":20},"end":{"line":25,"column":2}},"1":{"start":{"line":8,"column":2},"end":{"line":24,"column":3}},"2":{"start":{"line":27,"column":0},"end":{"line":27,"column":25}}},"fnMap":{"0":{"name":"(anonymous_0)","decl":{"start":{"line":7,"column":63},"end":{"line":7,"column":64}},"loc":{"start":{"line":7,"column":79},"end":{"line":25,"column":1}},"line":7}},"branchMap":{},"s":{"0":1,"1":0,"2":1},"f":{"0":0},"b":{},"_coverageSchema":"1a1c01bbd47fc00a2c39e90264f33305004495a9","hash":"69bfcd9479f2d672164c4d60123c8ebc3be4dee1"}
,"/Users/lluis/Code/hip-hub/components/Markdown.tsx": {"path":"/Users/lluis/Code/hip-hub/components/Markdown.tsx","statementMap":{"0":{"start":{"line":5,"column":2},"end":{"line":5,"column":79}}},"fnMap":{"0":{"name":"Markdown","decl":{"start":{"line":4,"column":16},"end":{"line":4,"column":24}},"loc":{"start":{"line":4,"column":70},"end":{"line":6,"column":1}},"line":4}},"branchMap":{},"s":{"0":0},"f":{"0":0},"b":{},"_coverageSchema":"1a1c01bbd47fc00a2c39e90264f33305004495a9","hash":"e3f76f05b566b363cfa47a4fdcdf57331b8d0607"}
,"/Users/lluis/Code/hip-hub/components/Navbar.tsx": {"path":"/Users/lluis/Code/hip-hub/components/Navbar.tsx","statementMap":{"0":{"start":{"line":15,"column":20},"end":{"line":15,"column":26}},"1":{"start":{"line":18,"column":2},"end":{"line":44,"column":3}}},"fnMap":{"0":{"name":"Navbar","decl":{"start":{"line":17,"column":16},"end":{"line":17,"column":22}},"loc":{"start":{"line":17,"column":55},"end":{"line":45,"column":1}},"line":17}},"branchMap":{"0":{"loc":{"start":{"line":24,"column":9},"end":{"line":41,"column":9}},"type":"cond-expr","locations":[{"start":{"line":24,"column":19},"end":{"line":24,"column":23}},{"start":{"line":24,"column":26},"end":{"line":41,"column":9}}],"line":24},"1":{"loc":{"start":{"line":24,"column":26},"end":{"line":41,"column":9}},"type":"cond-expr","locations":[{"start":{"line":25,"column":10},"end":{"line":36,"column":13}},{"start":{"line":38,"column":10},"end":{"line":40,"column":17}}],"line":24}},"s":{"0":1,"1":0},"f":{"0":0},"b":{"0":[0,0],"1":[0,0]},"_coverageSchema":"1a1c01bbd47fc00a2c39e90264f33305004495a9","hash":"c34ba6841e1f365e37fc6ea4b55bfafcc57a8111"}
,"/Users/lluis/Code/hip-hub/components/NotificationFilters.tsx": {"path":"/Users/lluis/Code/hip-hub/components/NotificationFilters.tsx","statementMap":{"0":{"start":{"line":10,"column":30},"end":{"line":16,"column":1}},"1":{"start":{"line":11,"column":2},"end":{"line":15,"column":3}},"2":{"start":{"line":18,"column":30},"end":{"line":26,"column":1}},"3":{"start":{"line":19,"column":2},"end":{"line":25,"column":3}},"4":{"start":{"line":29,"column":19},"end":{"line":29,"column":50}},"5":{"start":{"line":30,"column":24},"end":{"line":30,"column":50}},"6":{"start":{"line":32,"column":2},"end":{"line":34,"column":31}},"7":{"start":{"line":33,"column":4},"end":{"line":33,"column":27}},"8":{"start":{"line":36,"column":2},"end":{"line":59,"column":3}},"9":{"start":{"line":62,"column":27},"end":{"line":85,"column":1}}},"fnMap":{"0":{"name":"(anonymous_0)","decl":{"start":{"line":10,"column":30},"end":{"line":10,"column":31}},"loc":{"start":{"line":10,"column":48},"end":{"line":16,"column":1}},"line":10},"1":{"name":"(anonymous_1)","decl":{"start":{"line":18,"column":30},"end":{"line":18,"column":31}},"loc":{"start":{"line":18,"column":56},"end":{"line":26,"column":1}},"line":18},"2":{"name":"NotificationFilters","decl":{"start":{"line":28,"column":16},"end":{"line":28,"column":35}},"loc":{"start":{"line":28,"column":76},"end":{"line":60,"column":1}},"line":28},"3":{"name":"(anonymous_3)","decl":{"start":{"line":32,"column":18},"end":{"line":32,"column":19}},"loc":{"start":{"line":32,"column":24},"end":{"line":34,"column":3}},"line":32}},"branchMap":{},"s":{"0":1,"1":20,"2":1,"3":20,"4":4,"5":4,"6":4,"7":2,"8":4,"9":1},"f":{"0":20,"1":20,"2":4,"3":2},"b":{},"_coverageSchema":"1a1c01bbd47fc00a2c39e90264f33305004495a9","hash":"ef5cdc2512c28de8d5348f3cd9c591fbfab4ff24"}
,"/Users/lluis/Code/hip-hub/components/NotificationVariant.tsx": {"path":"/Users/lluis/Code/hip-hub/components/NotificationVariant.tsx","statementMap":{"0":{"start":{"line":19,"column":20},"end":{"line":23,"column":1}},"1":{"start":{"line":30,"column":24},"end":{"line":30,"column":44}},"2":{"start":{"line":32,"column":2},"end":{"line":32,"column":33}},"3":{"start":{"line":32,"column":22},"end":{"line":32,"column":33}},"4":{"start":{"line":34,"column":32},"end":{"line":34,"column":45}},"5":{"start":{"line":36,"column":2},"end":{"line":43,"column":3}},"6":{"start":{"line":47,"column":2},"end":{"line":80,"column":3}},"7":{"start":{"line":49,"column":6},"end":{"line":53,"column":7}},"8":{"start":{"line":55,"column":6},"end":{"line":59,"column":7}},"9":{"start":{"line":61,"column":6},"end":{"line":65,"column":7}},"10":{"start":{"line":67,"column":6},"end":{"line":71,"column":7}},"11":{"start":{"line":73,"column":6},"end":{"line":77,"column":7}},"12":{"start":{"line":79,"column":6},"end":{"line":79,"column":17}}},"fnMap":{"0":{"name":"NotificationVariant","decl":{"start":{"line":25,"column":16},"end":{"line":25,"column":35}},"loc":{"start":{"line":29,"column":29},"end":{"line":44,"column":1}},"line":29},"1":{"name":"mapVariant","decl":{"start":{"line":46,"column":16},"end":{"line":46,"column":26}},"loc":{"start":{"line":46,"column":44},"end":{"line":81,"column":1}},"line":46}},"branchMap":{"0":{"loc":{"start":{"line":32,"column":2},"end":{"line":32,"column":33}},"type":"if","locations":[{"start":{"line":32,"column":2},"end":{"line":32,"column":33}},{"start":{"line":32,"column":2},"end":{"line":32,"column":33}}],"line":32},"1":{"loc":{"start":{"line":47,"column":2},"end":{"line":80,"column":3}},"type":"switch","locations":[{"start":{"line":48,"column":4},"end":{"line":53,"column":7}},{"start":{"line":54,"column":4},"end":{"line":59,"column":7}},{"start":{"line":60,"column":4},"end":{"line":65,"column":7}},{"start":{"line":66,"column":4},"end":{"line":71,"column":7}},{"start":{"line":72,"column":4},"end":{"line":77,"column":7}},{"start":{"line":78,"column":4},"end":{"line":79,"column":17}}],"line":47}},"s":{"0":1,"1":12,"2":12,"3":0,"4":12,"5":12,"6":15,"7":5,"8":5,"9":5,"10":0,"11":0,"12":0},"f":{"0":12,"1":15},"b":{"0":[0,12],"1":[5,5,5,0,0,0]},"_coverageSchema":"1a1c01bbd47fc00a2c39e90264f33305004495a9","hash":"ac231df4a2452d9bea9b0d820e68ec0c59c11a72"}
,"/Users/lluis/Code/hip-hub/components/PageWrap.tsx": {"path":"/Users/lluis/Code/hip-hub/components/PageWrap.tsx","statementMap":{"0":{"start":{"line":6,"column":2},"end":{"line":13,"column":3}}},"fnMap":{"0":{"name":"PageWrap","decl":{"start":{"line":5,"column":16},"end":{"line":5,"column":24}},"loc":{"start":{"line":5,"column":47},"end":{"line":14,"column":1}},"line":5}},"branchMap":{"0":{"loc":{"start":{"line":9,"column":8},"end":{"line":9,"column":29}},"type":"binary-expr","locations":[{"start":{"line":9,"column":8},"end":{"line":9,"column":23}},{"start":{"line":9,"column":27},"end":{"line":9,"column":29}}],"line":9}},"s":{"0":7},"f":{"0":7},"b":{"0":[7,7]},"_coverageSchema":"1a1c01bbd47fc00a2c39e90264f33305004495a9","hash":"c955b8528db2f8ae75c552d3d9f51e1674057b53"}
,"/Users/lluis/Code/hip-hub/components/RepoName.tsx": {"path":"/Users/lluis/Code/hip-hub/components/RepoName.tsx","statementMap":{"0":{"start":{"line":17,"column":16},"end":{"line":17,"column":44}},"1":{"start":{"line":19,"column":2},"end":{"line":34,"column":3}}},"fnMap":{"0":{"name":"RepoName","decl":{"start":{"line":11,"column":16},"end":{"line":11,"column":24}},"loc":{"start":{"line":16,"column":18},"end":{"line":35,"column":1}},"line":16}},"branchMap":{"0":{"loc":{"start":{"line":13,"column":2},"end":{"line":13,"column":16}},"type":"default-arg","locations":[{"start":{"line":13,"column":14},"end":{"line":13,"column":16}}],"line":13},"1":{"loc":{"start":{"line":24,"column":7},"end":{"line":31,"column":7}},"type":"cond-expr","locations":[{"start":{"line":25,"column":8},"end":{"line":28,"column":10}},{"start":{"line":30,"column":8},"end":{"line":30,"column":75}}],"line":24}},"s":{"0":12,"1":12},"f":{"0":12},"b":{"0":[12],"1":[12,0]},"_coverageSchema":"1a1c01bbd47fc00a2c39e90264f33305004495a9","hash":"6fba6f51be0b7ffb498404786e4839970680a37c"}
,"/Users/lluis/Code/hip-hub/components/Tooltip.tsx": {"path":"/Users/lluis/Code/hip-hub/components/Tooltip.tsx","statementMap":{"0":{"start":{"line":16,"column":19},"end":{"line":23,"column":1}},"1":{"start":{"line":26,"column":18},"end":{"line":26,"column":35}},"2":{"start":{"line":28,"column":2},"end":{"line":40,"column":3}}},"fnMap":{"0":{"name":"Tooltip","decl":{"start":{"line":25,"column":16},"end":{"line":25,"column":23}},"loc":{"start":{"line":25,"column":60},"end":{"line":41,"column":1}},"line":25}},"branchMap":{},"s":{"0":1,"1":0,"2":0},"f":{"0":0},"b":{},"_coverageSchema":"1a1c01bbd47fc00a2c39e90264f33305004495a9","hash":"2784eb972d325896e6e2831af13f4b669f91573f"}
,"/Users/lluis/Code/hip-hub/components/index.ts": {"path":"/Users/lluis/Code/hip-hub/components/index.ts","statementMap":{},"fnMap":{},"branchMap":{},"s":{},"f":{},"b":{},"_coverageSchema":"1a1c01bbd47fc00a2c39e90264f33305004495a9","hash":"ea2cd76e174261055b5dad19a1b0f793e76a54a4"}
,"/Users/lluis/Code/hip-hub/components/illustrations/Award.tsx": {"path":"/Users/lluis/Code/hip-hub/components/illustrations/Award.tsx","statementMap":{"0":{"start":{"line":4,"column":2},"end":{"line":59,"column":3}}},"fnMap":{"0":{"name":"AwardIllustration","decl":{"start":{"line":3,"column":16},"end":{"line":3,"column":33}},"loc":{"start":{"line":3,"column":36},"end":{"line":60,"column":1}},"line":3}},"branchMap":{},"s":{"0":0},"f":{"0":0},"b":{}}
,"/Users/lluis/Code/hip-hub/components/illustrations/Draft.tsx": {"path":"/Users/lluis/Code/hip-hub/components/illustrations/Draft.tsx","statementMap":{"0":{"start":{"line":4,"column":2},"end":{"line":111,"column":3}}},"fnMap":{"0":{"name":"DraftIllustration","decl":{"start":{"line":3,"column":16},"end":{"line":3,"column":33}},"loc":{"start":{"line":3,"column":36},"end":{"line":112,"column":1}},"line":3}},"branchMap":{},"s":{"0":0},"f":{"0":0},"b":{}}
,"/Users/lluis/Code/hip-hub/components/illustrations/Lab.tsx": {"path":"/Users/lluis/Code/hip-hub/components/illustrations/Lab.tsx","statementMap":{"0":{"start":{"line":4,"column":2},"end":{"line":48,"column":3}}},"fnMap":{"0":{"name":"LabIllustration","decl":{"start":{"line":3,"column":16},"end":{"line":3,"column":31}},"loc":{"start":{"line":3,"column":34},"end":{"line":49,"column":1}},"line":3}},"branchMap":{},"s":{"0":0},"f":{"0":0},"b":{}}
,"/Users/lluis/Code/hip-hub/components/illustrations/index.ts": {"path":"/Users/lluis/Code/hip-hub/components/illustrations/index.ts","statementMap":{},"fnMap":{},"branchMap":{},"s":{},"f":{},"b":{}}
,"/Users/lluis/Code/hip-hub/constants/index.ts": {"path":"/Users/lluis/Code/hip-hub/constants/index.ts","statementMap":{"0":{"start":{"line":7,"column":37},"end":{"line":13,"column":1}}},"fnMap":{},"branchMap":{},"s":{"0":1},"f":{},"b":{},"_coverageSchema":"1a1c01bbd47fc00a2c39e90264f33305004495a9","hash":"7bfd8bab0b04d578f59dda8397d74a387d497dc7"}
,"/Users/lluis/Code/hip-hub/pages/_app.tsx": {"path":"/Users/lluis/Code/hip-hub/pages/_app.tsx","statementMap":{"0":{"start":{"line":15,"column":0},"end":{"line":15,"column":25}},"1":{"start":{"line":18,"column":18},"end":{"line":18,"column":30}},"2":{"start":{"line":20,"column":2},"end":{"line":38,"column":3}}},"fnMap":{"0":{"name":"App","decl":{"start":{"line":17,"column":24},"end":{"line":17,"column":27}},"loc":{"start":{"line":17,"column":64},"end":{"line":39,"column":1}},"line":17}},"branchMap":{"0":{"loc":{"start":{"line":30,"column":7},"end":{"line":36,"column":7}},"type":"cond-expr","locations":[{"start":{"line":31,"column":8},"end":{"line":31,"column":19}},{"start":{"line":33,"column":8},"end":{"line":35,"column":20}}],"line":30},"1":{"loc":{"start":{"line":30,"column":7},"end":{"line":30,"column":48}},"type":"binary-expr","locations":[{"start":{"line":30,"column":7},"end":{"line":30,"column":25}},{"start":{"line":30,"column":29},"end":{"line":30,"column":48}}],"line":30}},"s":{"0":0,"1":0,"2":0},"f":{"0":0},"b":{"0":[0,0],"1":[0,0]}}
,"/Users/lluis/Code/hip-hub/pages/index.tsx": {"path":"/Users/lluis/Code/hip-hub/pages/index.tsx","statementMap":{"0":{"start":{"line":16,"column":44},"end":{"line":18,"column":5}},"1":{"start":{"line":20,"column":26},"end":{"line":20,"column":54}},"2":{"start":{"line":21,"column":24},"end":{"line":21,"column":63}},"3":{"start":{"line":23,"column":2},"end":{"line":74,"column":3}},"4":{"start":{"line":44,"column":20},"end":{"line":63,"column":25}}},"fnMap":{"0":{"name":"Home","decl":{"start":{"line":15,"column":24},"end":{"line":15,"column":28}},"loc":{"start":{"line":15,"column":31},"end":{"line":75,"column":1}},"line":15},"1":{"name":"(anonymous_1)","decl":{"start":{"line":39,"column":18},"end":{"line":39,"column":19}},"loc":{"start":{"line":44,"column":20},"end":{"line":63,"column":25}},"line":44}},"branchMap":{"0":{"loc":{"start":{"line":25,"column":7},"end":{"line":72,"column":7}},"type":"cond-expr","locations":[{"start":{"line":26,"column":8},"end":{"line":26,"column":19}},{"start":{"line":27,"column":10},"end":{"line":72,"column":7}}],"line":25},"1":{"loc":{"start":{"line":27,"column":10},"end":{"line":72,"column":7}},"type":"cond-expr","locations":[{"start":{"line":28,"column":8},"end":{"line":28,"column":68}},{"start":{"line":30,"column":8},"end":{"line":71,"column":14}}],"line":27},"2":{"loc":{"start":{"line":31,"column":11},"end":{"line":70,"column":11}},"type":"cond-expr","locations":[{"start":{"line":32,"column":12},"end":{"line":67,"column":15}},{"start":{"line":69,"column":12},"end":{"line":69,"column":61}}],"line":31}},"s":{"0":7,"1":7,"2":7,"3":7,"4":12},"f":{"0":7,"1":12},"b":{"0":[3,4],"1":[0,4],"2":[4,0]},"_coverageSchema":"1a1c01bbd47fc00a2c39e90264f33305004495a9","hash":"5fe43d81e0e46711d1229b283dc13f0b8b986be4"}
,"/Users/lluis/Code/hip-hub/pages/sign-in.tsx": {"path":"/Users/lluis/Code/hip-hub/pages/sign-in.tsx","statementMap":{"0":{"start":{"line":5,"column":2},"end":{"line":22,"column":3}}},"fnMap":{"0":{"name":"SignIn","decl":{"start":{"line":4,"column":24},"end":{"line":4,"column":30}},"loc":{"start":{"line":4,"column":33},"end":{"line":23,"column":1}},"line":4}},"branchMap":{},"s":{"0":0},"f":{"0":0},"b":{}}
,"/Users/lluis/Code/hip-hub/pages/api/callback.ts": {"path":"/Users/lluis/Code/hip-hub/pages/api/callback.ts","statementMap":{"0":{"start":{"line":9,"column":2},"end":{"line":9,"column":51}},"1":{"start":{"line":11,"column":2},"end":{"line":69,"column":3}},"2":{"start":{"line":14,"column":8},"end":{"line":14,"column":11}},"3":{"start":{"line":16,"column":4},"end":{"line":20,"column":5}},"4":{"start":{"line":17,"column":6},"end":{"line":17,"column":26}},"5":{"start":{"line":18,"column":6},"end":{"line":18,"column":75}},"6":{"start":{"line":19,"column":6},"end":{"line":19,"column":12}},"7":{"start":{"line":22,"column":26},"end":{"line":30,"column":5}},"8":{"start":{"line":32,"column":18},"end":{"line":32,"column":44}},"9":{"start":{"line":34,"column":25},"end":{"line":39,"column":6}},"10":{"start":{"line":41,"column":17},"end":{"line":41,"column":42}},"11":{"start":{"line":43,"column":22},"end":{"line":52,"column":5}},"12":{"start":{"line":54,"column":4},"end":{"line":54,"column":24}},"13":{"start":{"line":55,"column":4},"end":{"line":62,"column":5}},"14":{"start":{"line":64,"column":4},"end":{"line":64,"column":34}},"15":{"start":{"line":65,"column":4},"end":{"line":65,"column":13}},"16":{"start":{"line":67,"column":4},"end":{"line":67,"column":24}},"17":{"start":{"line":68,"column":4},"end":{"line":68,"column":65}}},"fnMap":{"0":{"name":"callback","decl":{"start":{"line":5,"column":30},"end":{"line":5,"column":38}},"loc":{"start":{"line":8,"column":2},"end":{"line":70,"column":1}},"line":8}},"branchMap":{"0":{"loc":{"start":{"line":16,"column":4},"end":{"line":20,"column":5}},"type":"if","locations":[{"start":{"line":16,"column":4},"end":{"line":20,"column":5}},{"start":{"line":16,"column":4},"end":{"line":20,"column":5}}],"line":16}},"s":{"0":0,"1":0,"2":0,"3":0,"4":0,"5":0,"6":0,"7":0,"8":0,"9":0,"10":0,"11":0,"12":0,"13":0,"14":0,"15":0,"16":0,"17":0},"f":{"0":0},"b":{"0":[0,0]}}
,"/Users/lluis/Code/hip-hub/pages/api/notifications.ts": {"path":"/Users/lluis/Code/hip-hub/pages/api/notifications.ts","statementMap":{"0":{"start":{"line":3,"column":14},"end":{"line":9,"column":1}},"1":{"start":{"line":4,"column":2},"end":{"line":8,"column":4}}},"fnMap":{"0":{"name":"(anonymous_0)","decl":{"start":{"line":3,"column":28},"end":{"line":3,"column":29}},"loc":{"start":{"line":4,"column":2},"end":{"line":8,"column":4}},"line":4}},"branchMap":{},"s":{"0":0,"1":0},"f":{"0":0},"b":{}}
,"/Users/lluis/Code/hip-hub/pages/api/sign-in.ts": {"path":"/Users/lluis/Code/hip-hub/pages/api/sign-in.ts","statementMap":{"0":{"start":{"line":4,"column":2},"end":{"line":9,"column":5}},"1":{"start":{"line":10,"column":2},"end":{"line":10,"column":11}}},"fnMap":{"0":{"name":"(anonymous_0)","decl":{"start":{"line":3,"column":15},"end":{"line":3,"column":16}},"loc":{"start":{"line":3,"column":62},"end":{"line":11,"column":1}},"line":3}},"branchMap":{},"s":{"0":0,"1":0},"f":{"0":0},"b":{}}
,"/Users/lluis/Code/hip-hub/pages/api/sign-out.ts": {"path":"/Users/lluis/Code/hip-hub/pages/api/sign-out.ts","statementMap":{"0":{"start":{"line":5,"column":2},"end":{"line":17,"column":3}},"1":{"start":{"line":6,"column":31},"end":{"line":6,"column":42}},"2":{"start":{"line":7,"column":4},"end":{"line":14,"column":5}},"3":{"start":{"line":19,"column":2},"end":{"line":19,"column":44}},"4":{"start":{"line":21,"column":2},"end":{"line":21,"column":11}}},"fnMap":{"0":{"name":"(anonymous_0)","decl":{"start":{"line":4,"column":15},"end":{"line":4,"column":16}},"loc":{"start":{"line":4,"column":62},"end":{"line":22,"column":1}},"line":4}},"branchMap":{},"s":{"0":0,"1":0,"2":0,"3":0,"4":0},"f":{"0":0},"b":{}}
,"/Users/lluis/Code/hip-hub/pages/api/user.ts": {"path":"/Users/lluis/Code/hip-hub/pages/api/user.ts","statementMap":{"0":{"start":{"line":3,"column":14},"end":{"line":9,"column":1}},"1":{"start":{"line":4,"column":2},"end":{"line":8,"column":4}}},"fnMap":{"0":{"name":"(anonymous_0)","decl":{"start":{"line":3,"column":28},"end":{"line":3,"column":29}},"loc":{"start":{"line":4,"column":2},"end":{"line":8,"column":4}},"line":4}},"branchMap":{},"s":{"0":0,"1":0},"f":{"0":0},"b":{}}
,"/Users/lluis/Code/hip-hub/pages/api/release/[id].ts": {"path":"/Users/lluis/Code/hip-hub/pages/api/release/[id].ts","statementMap":{"0":{"start":{"line":4,"column":14},"end":{"line":24,"column":2}},"1":{"start":{"line":7,"column":6},"end":{"line":7,"column":13}},"2":{"start":{"line":9,"column":25},"end":{"line":13,"column":4}},"3":{"start":{"line":15,"column":24},"end":{"line":15,"column":51}},"4":{"start":{"line":17,"column":18},"end":{"line":21,"column":4}},"5":{"start":{"line":23,"column":2},"end":{"line":23,"column":16}}},"fnMap":{"0":{"name":"(anonymous_0)","decl":{"start":{"line":4,"column":28},"end":{"line":4,"column":29}},"loc":{"start":{"line":4,"column":72},"end":{"line":24,"column":1}},"line":4}},"branchMap":{},"s":{"0":0,"1":0,"2":0,"3":0,"4":0,"5":0},"f":{"0":0},"b":{}}
,"/Users/lluis/Code/hip-hub/pages/release/[id].tsx": {"path":"/Users/lluis/Code/hip-hub/pages/release/[id].tsx","statementMap":{"0":{"start":{"line":23,"column":17},"end":{"line":23,"column":28}},"1":{"start":{"line":24,"column":19},"end":{"line":24,"column":60}},"2":{"start":{"line":25,"column":22},"end":{"line":25,"column":71}},"3":{"start":{"line":27,"column":22},"end":{"line":33,"column":15}},"4":{"start":{"line":35,"column":2},"end":{"line":86,"column":3}}},"fnMap":{"0":{"name":"Release","decl":{"start":{"line":22,"column":24},"end":{"line":22,"column":31}},"loc":{"start":{"line":22,"column":34},"end":{"line":87,"column":1}},"line":22}},"branchMap":{"0":{"loc":{"start":{"line":25,"column":22},"end":{"line":25,"column":71}},"type":"cond-expr","locations":[{"start":{"line":25,"column":46},"end":{"line":25,"column":59}},{"start":{"line":25,"column":62},"end":{"line":25,"column":71}}],"line":25},"1":{"loc":{"start":{"line":25,"column":22},"end":{"line":25,"column":43}},"type":"binary-expr","locations":[{"start":{"line":25,"column":22},"end":{"line":25,"column":26}},{"start":{"line":25,"column":30},"end":{"line":25,"column":43}}],"line":25},"2":{"loc":{"start":{"line":27,"column":22},"end":{"line":33,"column":15}},"type":"cond-expr","locations":[{"start":{"line":28,"column":6},"end":{"line":28,"column":15}},{"start":{"line":29,"column":6},"end":{"line":33,"column":15}}],"line":27},"3":{"loc":{"start":{"line":29,"column":6},"end":{"line":33,"column":15}},"type":"cond-expr","locations":[{"start":{"line":30,"column":6},"end":{"line":30,"column":13}},{"start":{"line":31,"column":6},"end":{"line":33,"column":15}}],"line":29},"4":{"loc":{"start":{"line":31,"column":6},"end":{"line":33,"column":15}},"type":"cond-expr","locations":[{"start":{"line":32,"column":6},"end":{"line":32,"column":12}},{"start":{"line":33,"column":6},"end":{"line":33,"column":15}}],"line":31},"5":{"loc":{"start":{"line":37,"column":7},"end":{"line":84,"column":7}},"type":"cond-expr","locations":[{"start":{"line":38,"column":8},"end":{"line":38,"column":19}},{"start":{"line":40,"column":8},"end":{"line":83,"column":11}}],"line":37},"6":{"loc":{"start":{"line":47,"column":15},"end":{"line":53,"column":15}},"type":"cond-expr","locations":[{"start":{"line":48,"column":16},"end":{"line":48,"column":79}},{"start":{"line":49,"column":18},"end":{"line":53,"column":15}}],"line":47},"7":{"loc":{"start":{"line":49,"column":18},"end":{"line":53,"column":15}},"type":"cond-expr","locations":[{"start":{"line":50,"column":16},"end":{"line":50,"column":76}},{"start":{"line":52,"column":16},"end":{"line":52,"column":80}}],"line":49},"8":{"loc":{"start":{"line":56,"column":11},"end":{"line":82,"column":18}},"type":"cond-expr","locations":[{"start":{"line":57,"column":12},"end":{"line":81,"column":15}},{"start":{"line":82,"column":14},"end":{"line":82,"column":18}}],"line":56}},"s":{"0":0,"1":0,"2":0,"3":0,"4":0},"f":{"0":0},"b":{"0":[0,0],"1":[0,0],"2":[0,0],"3":[0,0],"4":[0,0],"5":[0,0],"6":[0,0],"7":[0,0],"8":[0,0]}}
,"/Users/lluis/Code/hip-hub/types/api.ts": {"path":"/Users/lluis/Code/hip-hub/types/api.ts","statementMap":{},"fnMap":{},"branchMap":{},"s":{},"f":{},"b":{}}
,"/Users/lluis/Code/hip-hub/types/github.ts": {"path":"/Users/lluis/Code/hip-hub/types/github.ts","statementMap":{},"fnMap":{},"branchMap":{},"s":{},"f":{},"b":{}}
,"/Users/lluis/Code/hip-hub/types/index.ts": {"path":"/Users/lluis/Code/hip-hub/types/index.ts","statementMap":{},"fnMap":{},"branchMap":{},"s":{},"f":{},"b":{}}
,"/Users/lluis/Code/hip-hub/utils/api.ts": {"path":"/Users/lluis/Code/hip-hub/utils/api.ts","statementMap":{"0":{"start":{"line":13,"column":2},"end":{"line":39,"column":3}},"1":{"start":{"line":14,"column":31},"end":{"line":14,"column":42}},"2":{"start":{"line":16,"column":4},"end":{"line":16,"column":53}},"3":{"start":{"line":18,"column":4},"end":{"line":22,"column":5}},"4":{"start":{"line":19,"column":6},"end":{"line":19,"column":26}},"5":{"start":{"line":20,"column":6},"end":{"line":20,"column":72}},"6":{"start":{"line":21,"column":6},"end":{"line":21,"column":12}},"7":{"start":{"line":24,"column":4},"end":{"line":38,"column":5}},"8":{"start":{"line":25,"column":22},"end":{"line":28,"column":21}},"9":{"start":{"line":30,"column":23},"end":{"line":30,"column":65}},"10":{"start":{"line":31,"column":19},"end":{"line":31,"column":40}},"11":{"start":{"line":33,"column":6},"end":{"line":33,"column":26}},"12":{"start":{"line":34,"column":6},"end":{"line":34,"column":36}},"13":{"start":{"line":36,"column":6},"end":{"line":36,"column":26}},"14":{"start":{"line":37,"column":6},"end":{"line":37,"column":52}},"15":{"start":{"line":42,"column":23},"end":{"line":42,"column":47}},"16":{"start":{"line":44,"column":23},"end":{"line":51,"column":1}},"17":{"start":{"line":48,"column":14},"end":{"line":48,"column":77}},"18":{"start":{"line":49,"column":15},"end":{"line":49,"column":25}},"19":{"start":{"line":50,"column":2},"end":{"line":50,"column":13}}},"fnMap":{"0":{"name":"buildAutRoute","decl":{"start":{"line":12,"column":16},"end":{"line":12,"column":29}},"loc":{"start":{"line":12,"column":48},"end":{"line":40,"column":1}},"line":12},"1":{"name":"endpoint","decl":{"start":{"line":13,"column":24},"end":{"line":13,"column":32}},"loc":{"start":{"line":13,"column":76},"end":{"line":39,"column":3}},"line":13},"2":{"name":"(anonymous_2)","decl":{"start":{"line":44,"column":23},"end":{"line":44,"column":24}},"loc":{"start":{"line":47,"column":5},"end":{"line":51,"column":1}},"line":47}},"branchMap":{"0":{"loc":{"start":{"line":18,"column":4},"end":{"line":22,"column":5}},"type":"if","locations":[{"start":{"line":18,"column":4},"end":{"line":22,"column":5}},{"start":{"line":18,"column":4},"end":{"line":22,"column":5}}],"line":18}},"s":{"0":0,"1":0,"2":0,"3":0,"4":0,"5":0,"6":0,"7":0,"8":0,"9":0,"10":0,"11":0,"12":0,"13":0,"14":0,"15":1,"16":1,"17":1,"18":1,"19":1},"f":{"0":0,"1":0,"2":1},"b":{"0":[0,0]},"_coverageSchema":"1a1c01bbd47fc00a2c39e90264f33305004495a9","hash":"c50c606fdbb6616bd8752829acaec4a2df0a956b"}
,"/Users/lluis/Code/hip-hub/utils/dom.ts": {"path":"/Users/lluis/Code/hip-hub/utils/dom.ts","statementMap":{"0":{"start":{"line":2,"column":2},"end":{"line":2,"column":50}}},"fnMap":{"0":{"name":"isBrowser","decl":{"start":{"line":1,"column":16},"end":{"line":1,"column":25}},"loc":{"start":{"line":1,"column":28},"end":{"line":3,"column":1}},"line":1}},"branchMap":{},"s":{"0":0},"f":{"0":0},"b":{},"_coverageSchema":"1a1c01bbd47fc00a2c39e90264f33305004495a9","hash":"4e577a5fb40e4f6f015d5713190bd5fb598be04c"}
,"/Users/lluis/Code/hip-hub/utils/github.ts": {"path":"/Users/lluis/Code/hip-hub/utils/github.ts","statementMap":{"0":{"start":{"line":18,"column":2},"end":{"line":18,"column":33}},"1":{"start":{"line":18,"column":22},"end":{"line":18,"column":33}},"2":{"start":{"line":20,"column":2},"end":{"line":27,"column":5}},"3":{"start":{"line":22,"column":42},"end":{"line":22,"column":60}},"4":{"start":{"line":23,"column":6},"end":{"line":23,"column":50}},"5":{"start":{"line":26,"column":6},"end":{"line":26,"column":63}},"6":{"start":{"line":31,"column":2},"end":{"line":31,"column":23}},"7":{"start":{"line":31,"column":12},"end":{"line":31,"column":23}},"8":{"start":{"line":32,"column":2},"end":{"line":35,"column":3}}},"fnMap":{"0":{"name":"parseNotifications","decl":{"start":{"line":14,"column":9},"end":{"line":14,"column":27}},"loc":{"start":{"line":17,"column":2},"end":{"line":28,"column":1}},"line":17},"1":{"name":"(anonymous_1)","decl":{"start":{"line":21,"column":34},"end":{"line":21,"column":35}},"loc":{"start":{"line":21,"column":48},"end":{"line":24,"column":5}},"line":21},"2":{"name":"(anonymous_2)","decl":{"start":{"line":25,"column":12},"end":{"line":25,"column":13}},"loc":{"start":{"line":26,"column":6},"end":{"line":26,"column":63}},"line":26},"3":{"name":"getNotificationPath","decl":{"start":{"line":30,"column":9},"end":{"line":30,"column":28}},"loc":{"start":{"line":30,"column":65},"end":{"line":36,"column":1}},"line":30}},"branchMap":{"0":{"loc":{"start":{"line":18,"column":2},"end":{"line":18,"column":33}},"type":"if","locations":[{"start":{"line":18,"column":2},"end":{"line":18,"column":33}},{"start":{"line":18,"column":2},"end":{"line":18,"column":33}}],"line":18},"1":{"loc":{"start":{"line":26,"column":6},"end":{"line":26,"column":63}},"type":"cond-expr","locations":[{"start":{"line":26,"column":34},"end":{"line":26,"column":56}},{"start":{"line":26,"column":59},"end":{"line":26,"column":63}}],"line":26},"2":{"loc":{"start":{"line":26,"column":6},"end":{"line":26,"column":31}},"type":"binary-expr","locations":[{"start":{"line":26,"column":6},"end":{"line":26,"column":13}},{"start":{"line":26,"column":17},"end":{"line":26,"column":31}}],"line":26},"3":{"loc":{"start":{"line":31,"column":2},"end":{"line":31,"column":23}},"type":"if","locations":[{"start":{"line":31,"column":2},"end":{"line":31,"column":23}},{"start":{"line":31,"column":2},"end":{"line":31,"column":23}}],"line":31},"4":{"loc":{"start":{"line":33,"column":9},"end":{"line":33,"column":60}},"type":"cond-expr","locations":[{"start":{"line":33,"column":35},"end":{"line":33,"column":54}},{"start":{"line":33,"column":57},"end":{"line":33,"column":60}}],"line":33},"5":{"loc":{"start":{"line":34,"column":8},"end":{"line":34,"column":61}},"type":"cond-expr","locations":[{"start":{"line":34,"column":34},"end":{"line":34,"column":49}},{"start":{"line":34,"column":52},"end":{"line":34,"column":61}}],"line":34}},"s":{"0":7,"1":3,"2":4,"3":12,"4":12,"5":12,"6":12,"7":0,"8":12},"f":{"0":7,"1":12,"2":12,"3":12},"b":{"0":[3,4],"1":[0,12],"2":[12,6],"3":[0,12],"4":[0,12],"5":[0,12]},"_coverageSchema":"1a1c01bbd47fc00a2c39e90264f33305004495a9","hash":"2d03d469f65ea637ba3e11d9364ad447a081fa67"}
,"/Users/lluis/Code/hip-hub/utils/index.ts": {"path":"/Users/lluis/Code/hip-hub/utils/index.ts","statementMap":{},"fnMap":{},"branchMap":{},"s":{},"f":{},"b":{},"_coverageSchema":"1a1c01bbd47fc00a2c39e90264f33305004495a9","hash":"65120ab53ded40cff1d4baec02241826a1fc7aba"}
,"/Users/lluis/Code/hip-hub/utils/types.ts": {"path":"/Users/lluis/Code/hip-hub/utils/types.ts","statementMap":{"0":{"start":{"line":3,"column":2},"end":{"line":3,"column":12}}},"fnMap":{"0":{"name":"stringLit","decl":{"start":{"line":2,"column":16},"end":{"line":2,"column":25}},"loc":{"start":{"line":2,"column":40},"end":{"line":4,"column":1}},"line":2}},"branchMap":{},"s":{"0":0},"f":{"0":0},"b":{}}
}
