TN:
SF:components/Author.tsx
FN:10,Author
FNF:1
FNH:0
FNDA:0,Author
DA:11,0
LF:1
LH:0
BRF:0
BRH:0
end_of_record
TN:
SF:components/Back.tsx
FN:9,Back
FNF:1
FNH:0
FNDA:0,Back
DA:10,0
DA:11,0
LF:2
LH:0
BRF:0
BRH:0
end_of_record
TN:
SF:components/Badge.tsx
FN:7,Badge
FNF:1
FNH:0
FNDA:0,Badge
DA:8,0
LF:1
LH:0
BRF:0
BRH:0
end_of_record
TN:
SF:components/BoxContent.tsx
FN:5,BoxContent
FNF:1
FNH:0
FNDA:0,BoxContent
DA:6,0
LF:1
LH:0
BRF:0
BRH:0
end_of_record
TN:
SF:components/Button.tsx
FN:23,(anonymous_0)
FNF:1
FNH:0
FNDA:0,(anonymous_0)
DA:9,1
DA:11,1
DA:17,1
DA:22,1
DA:24,0
DA:34,1
LF:6
LH:5
BRDA:23,0,0,0
BRDA:23,1,0,0
BRF:2
BRH:0
end_of_record
TN:
SF:components/Card.tsx
FN:17,Card
FN:40,CardContent
FN:44,isExternalUrl
FNF:3
FNH:3
FNDA:12,Card
FNDA:12,CardContent
FNDA:12,isExternalUrl
DA:14,1
DA:15,1
DA:19,12
DA:25,12
DA:41,12
DA:45,12
LF:6
LH:6
BRDA:25,0,0,12
BRDA:25,0,1,0
BRDA:26,1,0,12
BRDA:26,1,1,0
BRDA:31,2,0,0
BRDA:31,2,1,0
BRF:6
BRH:2
end_of_record
TN:
SF:components/DownloadPopover.tsx
FN:28,DownloadPopover
FNF:1
FNH:0
FNDA:0,DownloadPopover
DA:19,1
DA:29,0
DA:31,0
LF:3
LH:1
BRF:0
BRH:0
end_of_record
TN:
SF:components/Emoji.tsx
FN:7,Emoji
FNF:1
FNH:0
FNDA:0,Emoji
DA:8,0
LF:1
LH:0
BRF:0
BRH:0
end_of_record
TN:
SF:components/Heading.tsx
FN:20,(anonymous_0)
FNF:1
FNH:1
FNDA:12,(anonymous_0)
DA:10,1
DA:20,1
DA:21,12
DA:22,12
DA:24,12
LF:5
LH:5
BRDA:21,0,0,12
BRDA:21,0,1,0
BRDA:22,1,0,12
BRDA:22,1,1,0
BRF:4
BRH:2
end_of_record
TN:
SF:components/Link.tsx
FN:8,Link
FN:9,(anonymous_1)
FNF:2
FNH:0
FNDA:0,Link
FNDA:0,(anonymous_1)
DA:9,0
DA:10,0
DA:11,0
DA:14,0
LF:4
LH:0
BRDA:11,0,0,0
BRDA:11,0,1,0
BRDA:17,1,0,0
BRDA:17,1,1,0
BRF:4
BRH:0
end_of_record
TN:
SF:components/Loading.tsx
FN:6,Loading
FNF:1
FNH:1
FNDA:3,Loading
DA:7,3
LF:1
LH:1
BRF:0
BRH:0
end_of_record
TN:
SF:components/Logo.tsx
FN:7,(anonymous_0)
FNF:1
FNH:0
FNDA:0,(anonymous_0)
DA:7,1
DA:8,0
DA:27,1
LF:3
LH:2
BRF:0
BRH:0
end_of_record
TN:
SF:components/Markdown.tsx
FN:4,Markdown
FNF:1
FNH:0
FNDA:0,Markdown
DA:5,0
LF:1
LH:0
BRF:0
BRH:0
end_of_record
TN:
SF:components/Navbar.tsx
FN:17,Navbar
FNF:1
FNH:0
FNDA:0,Navbar
DA:15,1
DA:18,0
LF:2
LH:1
BRDA:24,0,0,0
BRDA:24,0,1,0
BRDA:24,1,0,0
BRDA:24,1,1,0
BRF:4
BRH:0
end_of_record
TN:
SF:components/NotificationFilters.tsx
FN:10,(anonymous_0)
FN:18,(anonymous_1)
FN:28,NotificationFilters
FN:32,(anonymous_3)
FNF:4
FNH:4
FNDA:20,(anonymous_0)
FNDA:20,(anonymous_1)
FNDA:4,NotificationFilters
FNDA:2,(anonymous_3)
DA:10,1
DA:11,20
DA:18,1
DA:19,20
DA:29,4
DA:30,4
DA:32,4
DA:33,2
DA:36,4
DA:62,1
LF:10
LH:10
BRF:0
BRH:0
end_of_record
TN:
SF:components/NotificationVariant.tsx
FN:25,NotificationVariant
FN:46,mapVariant
FNF:2
FNH:2
FNDA:12,NotificationVariant
FNDA:15,mapVariant
DA:19,1
DA:30,12
DA:32,12
DA:34,12
DA:36,12
DA:47,15
DA:49,5
DA:55,5
DA:61,5
DA:67,0
DA:73,0
DA:79,0
LF:12
LH:9
BRDA:32,0,0,0
BRDA:32,0,1,12
BRDA:47,1,0,5
BRDA:47,1,1,5
BRDA:47,1,2,5
BRDA:47,1,3,0
BRDA:47,1,4,0
BRDA:47,1,5,0
BRF:8
BRH:4
end_of_record
TN:
SF:components/PageWrap.tsx
FN:5,PageWrap
FNF:1
FNH:1
FNDA:7,PageWrap
DA:6,7
LF:1
LH:1
BRDA:9,0,0,7
BRDA:9,0,1,7
BRF:2
BRH:2
end_of_record
TN:
SF:components/RepoName.tsx
FN:11,RepoName
FNF:1
FNH:1
FNDA:12,RepoName
DA:17,12
DA:19,12
LF:2
LH:2
BRDA:13,0,0,12
BRDA:24,1,0,12
BRDA:24,1,1,0
BRF:3
BRH:2
end_of_record
TN:
SF:components/Tooltip.tsx
FN:25,Tooltip
FNF:1
FNH:0
FNDA:0,Tooltip
DA:16,1
DA:26,0
DA:28,0
LF:3
LH:1
BRF:0
BRH:0
end_of_record
TN:
SF:components/index.ts
FNF:0
FNH:0
LF:0
LH:0
BRF:0
BRH:0
end_of_record
TN:
SF:components/illustrations/Award.tsx
FN:3,AwardIllustration
FNF:1
FNH:0
FNDA:0,AwardIllustration
DA:4,0
LF:1
LH:0
BRF:0
BRH:0
end_of_record
TN:
SF:components/illustrations/Draft.tsx
FN:3,DraftIllustration
FNF:1
FNH:0
FNDA:0,DraftIllustration
DA:4,0
LF:1
LH:0
BRF:0
BRH:0
end_of_record
TN:
SF:components/illustrations/Lab.tsx
FN:3,LabIllustration
FNF:1
FNH:0
FNDA:0,LabIllustration
DA:4,0
LF:1
LH:0
BRF:0
BRH:0
end_of_record
TN:
SF:components/illustrations/index.ts
FNF:0
FNH:0
LF:0
LH:0
BRF:0
BRH:0
end_of_record
TN:
SF:constants/index.ts
FNF:0
FNH:0
DA:7,1
LF:1
LH:1
BRF:0
BRH:0
end_of_record
TN:
SF:pages/_app.tsx
FN:17,App
FNF:1
FNH:0
FNDA:0,App
DA:15,0
DA:18,0
DA:20,0
LF:3
LH:0
BRDA:30,0,0,0
BRDA:30,0,1,0
BRDA:30,1,0,0
BRDA:30,1,1,0
BRF:4
BRH:0
end_of_record
TN:
SF:pages/index.tsx
FN:15,Home
FN:39,(anonymous_1)
FNF:2
FNH:2
FNDA:7,Home
FNDA:12,(anonymous_1)
DA:16,7
DA:20,7
DA:21,7
DA:23,7
DA:44,12
LF:5
LH:5
BRDA:25,0,0,3
BRDA:25,0,1,4
BRDA:27,1,0,0
BRDA:27,1,1,4
BRDA:31,2,0,4
BRDA:31,2,1,0
BRF:6
BRH:4
end_of_record
TN:
SF:pages/sign-in.tsx
FN:4,SignIn
FNF:1
FNH:0
FNDA:0,SignIn
DA:5,0
LF:1
LH:0
BRF:0
BRH:0
end_of_record
TN:
SF:pages/api/callback.ts
FN:5,callback
FNF:1
FNH:0
FNDA:0,callback
DA:9,0
DA:11,0
DA:14,0
DA:16,0
DA:17,0
DA:18,0
DA:19,0
DA:22,0
DA:32,0
DA:34,0
DA:41,0
DA:43,0
DA:54,0
DA:55,0
DA:64,0
DA:65,0
DA:67,0
DA:68,0
LF:18
LH:0
BRDA:16,0,0,0
BRDA:16,0,1,0
BRF:2
BRH:0
end_of_record
TN:
SF:pages/api/notifications.ts
FN:3,(anonymous_0)
FNF:1
FNH:0
FNDA:0,(anonymous_0)
DA:3,0
DA:4,0
LF:2
LH:0
BRF:0
BRH:0
end_of_record
TN:
SF:pages/api/sign-in.ts
FN:3,(anonymous_0)
FNF:1
FNH:0
FNDA:0,(anonymous_0)
DA:4,0
DA:10,0
LF:2
LH:0
BRF:0
BRH:0
end_of_record
TN:
SF:pages/api/sign-out.ts
FN:4,(anonymous_0)
FNF:1
FNH:0
FNDA:0,(anonymous_0)
DA:5,0
DA:6,0
DA:7,0
DA:19,0
DA:21,0
LF:5
LH:0
BRF:0
BRH:0
end_of_record
TN:
SF:pages/api/user.ts
FN:3,(anonymous_0)
FNF:1
FNH:0
FNDA:0,(anonymous_0)
DA:3,0
DA:4,0
LF:2
LH:0
BRF:0
BRH:0
end_of_record
TN:
SF:pages/api/release/[id].ts
FN:4,(anonymous_0)
FNF:1
FNH:0
FNDA:0,(anonymous_0)
DA:4,0
DA:7,0
DA:9,0
DA:15,0
DA:17,0
DA:23,0
LF:6
LH:0
BRF:0
BRH:0
end_of_record
TN:
SF:pages/release/[id].tsx
FN:22,Release
FNF:1
FNH:0
FNDA:0,Release
DA:23,0
DA:24,0
DA:25,0
DA:27,0
DA:35,0
LF:5
LH:0
BRDA:25,0,0,0
BRDA:25,0,1,0
BRDA:25,1,0,0
BRDA:25,1,1,0
BRDA:27,2,0,0
BRDA:27,2,1,0
BRDA:29,3,0,0
BRDA:29,3,1,0
BRDA:31,4,0,0
BRDA:31,4,1,0
BRDA:37,5,0,0
BRDA:37,5,1,0
BRDA:47,6,0,0
BRDA:47,6,1,0
BRDA:49,7,0,0
BRDA:49,7,1,0
BRDA:56,8,0,0
BRDA:56,8,1,0
BRF:18
BRH:0
end_of_record
TN:
SF:types/api.ts
FNF:0
FNH:0
LF:0
LH:0
BRF:0
BRH:0
end_of_record
TN:
SF:types/github.ts
FNF:0
FNH:0
LF:0
LH:0
BRF:0
BRH:0
end_of_record
TN:
SF:types/index.ts
FNF:0
FNH:0
LF:0
LH:0
BRF:0
BRH:0
end_of_record
TN:
SF:utils/api.ts
FN:12,buildAutRoute
FN:13,endpoint
FN:44,(anonymous_2)
FNF:3
FNH:1
FNDA:0,buildAutRoute
FNDA:0,endpoint
FNDA:1,(anonymous_2)
DA:13,0
DA:14,0
DA:16,0
DA:18,0
DA:19,0
DA:20,0
DA:21,0
DA:24,0
DA:25,0
DA:30,0
DA:31,0
DA:33,0
DA:34,0
DA:36,0
DA:37,0
DA:42,1
DA:44,1
DA:48,1
DA:49,1
DA:50,1
LF:20
LH:5
BRDA:18,0,0,0
BRDA:18,0,1,0
BRF:2
BRH:0
end_of_record
TN:
SF:utils/dom.ts
FN:1,isBrowser
FNF:1
FNH:0
FNDA:0,isBrowser
DA:2,0
LF:1
LH:0
BRF:0
BRH:0
end_of_record
TN:
SF:utils/github.ts
FN:14,parseNotifications
FN:21,(anonymous_1)
FN:25,(anonymous_2)
FN:30,getNotificationPath
FNF:4
FNH:4
FNDA:7,parseNotifications
FNDA:12,(anonymous_1)
FNDA:12,(anonymous_2)
FNDA:12,getNotificationPath
DA:18,7
DA:20,4
DA:22,12
DA:23,12
DA:26,12
DA:31,12
DA:32,12
LF:7
LH:7
BRDA:18,0,0,3
BRDA:18,0,1,4
BRDA:26,1,0,0
BRDA:26,1,1,12
BRDA:26,2,0,12
BRDA:26,2,1,6
BRDA:31,3,0,0
BRDA:31,3,1,12
BRDA:33,4,0,0
BRDA:33,4,1,12
BRDA:34,5,0,0
BRDA:34,5,1,12
BRF:12
BRH:8
end_of_record
TN:
SF:utils/index.ts
FNF:0
FNH:0
LF:0
LH:0
BRF:0
BRH:0
end_of_record
TN:
SF:utils/types.ts
FN:2,stringLit
FNF:1
FNH:0
FNDA:0,stringLit
DA:3,0
LF:1
LH:0
BRF:0
BRH:0
end_of_record
